# JRE version: Java(TM) SE Runtime Environment 18.9 (11.0.14+8) (build 11.0.14+8-LTS-263)
# Java VM: Java HotSpot(TM) 64-Bit Server VM 18.9 (11.0.14+8-LTS-263, mixed mode, tiered, compressed oops, g1 gc, windows-amd64)
Heap:
 garbage-first heap   total 63488K, used 16526K [0x00000000c2000000, 0x0000000100000000)
  region size 1024K, 7 young (7168K), 3 survivors (3072K)
 Metaspace       used 27803K, capacity 28791K, committed 29052K, reserved 1075200K
  class space    used 3298K, capacity 3708K, committed 3760K, reserved 1048576K
GC Heap History (8 events):
Event: 1.252 GC heap before
{Heap before GC invocations=0 (full 0):
 garbage-first heap   total 63488K, used 14336K [0x00000000c2000000, 0x0000000100000000)
  region size 1024K, 14 young (14336K), 0 survivors (0K)
 Metaspace       used 8696K, capacity 8872K, committed 9088K, reserved 1056768K
  class space    used 806K, capacity 870K, committed 896K, reserved 1048576K
}
Event: 1.257 GC heap after
{Heap after GC invocations=1 (full 0):
 garbage-first heap   total 63488K, used 3255K [0x00000000c2000000, 0x0000000100000000)
  region size 1024K, 2 young (2048K), 2 survivors (2048K)
 Metaspace       used 8696K, capacity 8872K, committed 9088K, reserved 1056768K
  class space    used 806K, capacity 870K, committed 896K, reserved 1048576K
}
Event: 6.183 GC heap before
{Heap before GC invocations=1 (full 0):
 garbage-first heap   total 63488K, used 39095K [0x00000000c2000000, 0x0000000100000000)
  region size 1024K, 37 young (37888K), 2 survivors (2048K)
 Metaspace       used 17837K, capacity 18522K, committed 18688K, reserved 1064960K
  class space    used 1969K, capacity 2250K, committed 2304K, reserved 1048576K
}
Event: 6.192 GC heap after
{Heap after GC invocations=2 (full 0):
 garbage-first heap   total 63488K, used 5530K [0x00000000c2000000, 0x0000000100000000)
  region size 1024K, 5 young (5120K), 5 survivors (5120K)
 Metaspace       used 17837K, capacity 18522K, committed 18688K, reserved 1064960K
  class space    used 1969K, capacity 2250K, committed 2304K, reserved 1048576K
}
Event: 8.893 GC heap before
{Heap before GC invocations=2 (full 0):
 garbage-first heap   total 63488K, used 15770K [0x00000000c2000000, 0x0000000100000000)
  region size 1024K, 16 young (16384K), 5 survivors (5120K)
 Metaspace       used 20540K, capacity 21189K, committed 21296K, reserved 1069056K
  class space    used 2269K, capacity 2562K, committed 2608K, reserved 1048576K
}
Event: 8.902 GC heap after
{Heap after GC invocations=3 (full 0):
 garbage-first heap   total 63488K, used 6906K [0x00000000c2000000, 0x0000000100000000)
  region size 1024K, 4 young (4096K), 4 survivors (4096K)
 Metaspace       used 20540K, capacity 21189K, committed 21296K, reserved 1069056K
  class space    used 2269K, capacity 2562K, committed 2608K, reserved 1048576K
}
Event: 10.885 GC heap before
{Heap before GC invocations=4 (full 0):
 garbage-first heap   total 63488K, used 39674K [0x00000000c2000000, 0x0000000100000000)
  region size 1024K, 36 young (36864K), 4 survivors (4096K)
 Metaspace       used 27075K, capacity 28006K, committed 28156K, reserved 1073152K
  class space    used 3189K, capacity 3574K, committed 3632K, reserved 1048576K
}
Event: 10.894 GC heap after
{Heap after GC invocations=5 (full 0):
 garbage-first heap   total 63488K, used 8334K [0x00000000c2000000, 0x0000000100000000)
  region size 1024K, 3 young (3072K), 3 survivors (3072K)
 Metaspace       used 27075K, capacity 28006K, committed 28156K, reserved 1073152K
  class space    used 3189K, capacity 3574K, committed 3632K, reserved 1048576K
}

