# JRE version: Java(TM) SE Runtime Environment 18.9 (11.0.14+8) (build 11.0.14+8-LTS-263)
# Java VM: Java HotSpot(TM) 64-Bit Server VM 18.9 (11.0.14+8-LTS-263, mixed mode, tiered, compressed oops, g1 gc, windows-amd64)
Heap:
 garbage-first heap   total 63488K, used 20529K [0x00000000c2000000, 0x0000000100000000)
  region size 1024K, 11 young (11264K), 3 survivors (3072K)
 Metaspace       used 27991K, capacity 28905K, committed 29104K, reserved 1075200K
  class space    used 3319K, capacity 3723K, committed 3840K, reserved 1048576K
GC Heap History (8 events):
Event: 1.846 GC heap before
{Heap before GC invocations=0 (full 0):
 garbage-first heap   total 63488K, used 14336K [0x00000000c2000000, 0x0000000100000000)
  region size 1024K, 14 young (14336K), 0 survivors (0K)
 Metaspace       used 8683K, capacity 8808K, committed 9088K, reserved 1056768K
  class space    used 806K, capacity 870K, committed 896K, reserved 1048576K
}
Event: 1.853 GC heap after
{Heap after GC invocations=1 (full 0):
 garbage-first heap   total 63488K, used 3207K [0x00000000c2000000, 0x0000000100000000)
  region size 1024K, 2 young (2048K), 2 survivors (2048K)
 Metaspace       used 8683K, capacity 8808K, committed 9088K, reserved 1056768K
  class space    used 806K, capacity 870K, committed 896K, reserved 1048576K
}
Event: 5.009 GC heap before
{Heap before GC invocations=1 (full 0):
 garbage-first heap   total 63488K, used 39047K [0x00000000c2000000, 0x0000000100000000)
  region size 1024K, 37 young (37888K), 2 survivors (2048K)
 Metaspace       used 17297K, capacity 17998K, committed 18176K, reserved 1064960K
  class space    used 1894K, capacity 2178K, committed 2304K, reserved 1048576K
}
Event: 5.021 GC heap after
{Heap after GC invocations=2 (full 0):
 garbage-first heap   total 63488K, used 5628K [0x00000000c2000000, 0x0000000100000000)
  region size 1024K, 5 young (5120K), 5 survivors (5120K)
 Metaspace       used 17297K, capacity 17998K, committed 18176K, reserved 1064960K
  class space    used 1894K, capacity 2178K, committed 2304K, reserved 1048576K
}
Event: 6.655 GC heap before
{Heap before GC invocations=2 (full 0):
 garbage-first heap   total 63488K, used 16892K [0x00000000c2000000, 0x0000000100000000)
  region size 1024K, 17 young (17408K), 5 survivors (5120K)
 Metaspace       used 20394K, capacity 21099K, committed 21296K, reserved 1069056K
  class space    used 2256K, capacity 2574K, committed 2688K, reserved 1048576K
}
Event: 6.663 GC heap after
{Heap after GC invocations=3 (full 0):
 garbage-first heap   total 63488K, used 6762K [0x00000000c2000000, 0x0000000100000000)
  region size 1024K, 4 young (4096K), 4 survivors (4096K)
 Metaspace       used 20394K, capacity 21099K, committed 21296K, reserved 1069056K
  class space    used 2256K, capacity 2574K, committed 2688K, reserved 1048576K
}
Event: 11.841 GC heap before
{Heap before GC invocations=4 (full 0):
 garbage-first heap   total 63488K, used 38506K [0x00000000c2000000, 0x0000000100000000)
  region size 1024K, 35 young (35840K), 4 survivors (4096K)
 Metaspace       used 26744K, capacity 27696K, committed 27824K, reserved 1073152K
  class space    used 3133K, capacity 3554K, committed 3584K, reserved 1048576K
}
Event: 11.862 GC heap after
{Heap after GC invocations=5 (full 0):
 garbage-first heap   total 63488K, used 8241K [0x00000000c2000000, 0x0000000100000000)
  region size 1024K, 3 young (3072K), 3 survivors (3072K)
 Metaspace       used 26744K, capacity 27696K, committed 27824K, reserved 1073152K
  class space    used 3133K, capacity 3554K, committed 3584K, reserved 1048576K
}

