# JRE version: Java(TM) SE Runtime Environment 18.9 (11.0.14+8) (build 11.0.14+8-LTS-263)
# Java VM: Java HotSpot(TM) 64-Bit Server VM 18.9 (11.0.14+8-LTS-263, mixed mode, tiered, compressed oops, g1 gc, windows-amd64)
Heap:
 garbage-first heap   total 63488K, used 38077K [0x00000000c2000000, 0x0000000100000000)
  region size 1024K, 7 young (7168K), 5 survivors (5120K)
 Metaspace       used 30244K, capacity 31233K, committed 31280K, reserved 1077248K
  class space    used 3537K, capacity 3963K, committed 3968K, reserved 1048576K
GC Heap History (10 events):
Event: 1.167 GC heap before
{Heap before GC invocations=0 (full 0):
 garbage-first heap   total 63488K, used 14336K [0x00000000c2000000, 0x0000000100000000)
  region size 1024K, 14 young (14336K), 0 survivors (0K)
 Metaspace       used 8688K, capacity 8808K, committed 9088K, reserved 1056768K
  class space    used 806K, capacity 870K, committed 896K, reserved 1048576K
}
Event: 1.176 GC heap after
{Heap after GC invocations=1 (full 0):
 garbage-first heap   total 63488K, used 3202K [0x00000000c2000000, 0x0000000100000000)
  region size 1024K, 2 young (2048K), 2 survivors (2048K)
 Metaspace       used 8688K, capacity 8808K, committed 9088K, reserved 1056768K
  class space    used 806K, capacity 870K, committed 896K, reserved 1048576K
}
Event: 3.244 GC heap before
{Heap before GC invocations=1 (full 0):
 garbage-first heap   total 63488K, used 39042K [0x00000000c2000000, 0x0000000100000000)
  region size 1024K, 37 young (37888K), 2 survivors (2048K)
 Metaspace       used 17760K, capacity 18438K, committed 18688K, reserved 1064960K
  class space    used 1963K, capacity 2263K, committed 2304K, reserved 1048576K
}
Event: 3.254 GC heap after
{Heap after GC invocations=2 (full 0):
 garbage-first heap   total 63488K, used 5573K [0x00000000c2000000, 0x0000000100000000)
  region size 1024K, 5 young (5120K), 5 survivors (5120K)
 Metaspace       used 17760K, capacity 18438K, committed 18688K, reserved 1064960K
  class space    used 1963K, capacity 2263K, committed 2304K, reserved 1048576K
}
Event: 3.605 GC heap before
{Heap before GC invocations=2 (full 0):
 garbage-first heap   total 63488K, used 13765K [0x00000000c2000000, 0x0000000100000000)
  region size 1024K, 14 young (14336K), 5 survivors (5120K)
 Metaspace       used 20402K, capacity 21093K, committed 21296K, reserved 1069056K
  class space    used 2263K, capacity 2573K, committed 2688K, reserved 1048576K
}
Event: 3.617 GC heap after
{Heap after GC invocations=3 (full 0):
 garbage-first heap   total 63488K, used 6624K [0x00000000c2000000, 0x0000000100000000)
  region size 1024K, 4 young (4096K), 4 survivors (4096K)
 Metaspace       used 20402K, capacity 21093K, committed 21296K, reserved 1069056K
  class space    used 2263K, capacity 2573K, committed 2688K, reserved 1048576K
}
Event: 5.913 GC heap before
{Heap before GC invocations=4 (full 0):
 garbage-first heap   total 63488K, used 38368K [0x00000000c2000000, 0x0000000100000000)
  region size 1024K, 35 young (35840K), 4 survivors (4096K)
 Metaspace       used 26508K, capacity 27433K, committed 27568K, reserved 1073152K
  class space    used 3090K, capacity 3488K, committed 3584K, reserved 1048576K
}
Event: 5.927 GC heap after
{Heap after GC invocations=5 (full 0):
 garbage-first heap   total 63488K, used 8262K [0x00000000c2000000, 0x0000000100000000)
  region size 1024K, 3 young (3072K), 3 survivors (3072K)
 Metaspace       used 26508K, capacity 27433K, committed 27568K, reserved 1073152K
  class space    used 3090K, capacity 3488K, committed 3584K, reserved 1048576K
}
Event: 68.780 GC heap before
{Heap before GC invocations=5 (full 0):
 garbage-first heap   total 63488K, used 54342K [0x00000000c2000000, 0x0000000100000000)
  region size 1024K, 29 young (29696K), 3 survivors (3072K)
 Metaspace       used 30228K, capacity 31230K, committed 31280K, reserved 1077248K
  class space    used 3537K, capacity 3963K, committed 3968K, reserved 1048576K
}
Event: 68.913 GC heap after
{Heap after GC invocations=6 (full 0):
 garbage-first heap   total 63488K, used 31933K [0x00000000c2000000, 0x0000000100000000)
  region size 1024K, 5 young (5120K), 5 survivors (5120K)
 Metaspace       used 30228K, capacity 31230K, committed 31280K, reserved 1077248K
  class space    used 3537K, capacity 3963K, committed 3968K, reserved 1048576K
}

